[0.010s] Invoking command in '/home/furbo/autonomous_exploration_ws/src/autonomous-exploration-robot/furbo_description/build/furbo_description': CMAKE_PREFIX_PATH=${CMAKE_PREFIX_PATH}:/opt/ros/humble /usr/bin/cmake /home/furbo/autonomous_exploration_ws/src/autonomous-exploration-robot/furbo_description -DAMENT_CMAKE_SYMLINK_INSTALL=1 -DCMAKE_INSTALL_PREFIX=/home/furbo/autonomous_exploration_ws/src/autonomous-exploration-robot/furbo_description/install/furbo_description
[0.091s] -- The C compiler identification is GNU 11.4.0
[0.165s] -- The CXX compiler identification is GNU 11.4.0
[0.174s] -- Detecting C compiler ABI info
[0.234s] -- Detecting C compiler ABI info - done
[0.240s] -- Check for working C compiler: /usr/bin/cc - skipped
[0.240s] -- Detecting C compile features
[0.241s] -- Detecting C compile features - done
[0.243s] -- Detecting CXX compiler ABI info
[0.311s] -- Detecting CXX compiler ABI info - done
[0.317s] -- Check for working CXX compiler: /usr/bin/c++ - skipped
[0.317s] -- Detecting CXX compile features
[0.318s] -- Detecting CXX compile features - done
[0.324s] -- Found ament_cmake: 1.3.10 (/opt/ros/humble/share/ament_cmake/cmake)
[0.446s] -- Found Python3: /usr/bin/python3 (found version "3.10.12") found components: Interpreter 
[0.497s] -- Override CMake install command with custom implementation using symlinks instead of copying resources
[0.533s] -- Found ament_lint_auto: 0.12.11 (/opt/ros/humble/share/ament_lint_auto/cmake)
[0.605s] -- Added test 'cppcheck' to perform static code analysis on C / C++ code
[0.605s] -- Configured cppcheck include dirs: 
[0.605s] -- Configured cppcheck exclude dirs and/or files: 
[0.606s] -- Added test 'flake8' to check Python code syntax and style conventions
[0.608s] -- Added test 'lint_cmake' to check CMake code style
[0.609s] -- Added test 'pep257' to check Python code against some of the docstring style conventions in PEP 257
[0.615s] -- Added test 'uncrustify' to check C / C++ code style
[0.615s] -- Configured uncrustify additional arguments: 
[0.616s] -- Added test 'xmllint' to check XML markup files
[0.618s] -- Configuring done
[0.621s] -- Generating done
[0.622s] -- Build files have been written to: /home/furbo/autonomous_exploration_ws/src/autonomous-exploration-robot/furbo_description/build/furbo_description
[0.626s] Invoked command in '/home/furbo/autonomous_exploration_ws/src/autonomous-exploration-robot/furbo_description/build/furbo_description' returned '0': CMAKE_PREFIX_PATH=${CMAKE_PREFIX_PATH}:/opt/ros/humble /usr/bin/cmake /home/furbo/autonomous_exploration_ws/src/autonomous-exploration-robot/furbo_description -DAMENT_CMAKE_SYMLINK_INSTALL=1 -DCMAKE_INSTALL_PREFIX=/home/furbo/autonomous_exploration_ws/src/autonomous-exploration-robot/furbo_description/install/furbo_description
[0.627s] Invoking command in '/home/furbo/autonomous_exploration_ws/src/autonomous-exploration-robot/furbo_description/build/furbo_description': CMAKE_PREFIX_PATH=${CMAKE_PREFIX_PATH}:/opt/ros/humble /usr/bin/cmake --build /home/furbo/autonomous_exploration_ws/src/autonomous-exploration-robot/furbo_description/build/furbo_description -- -j12 -l12
[0.660s] Invoked command in '/home/furbo/autonomous_exploration_ws/src/autonomous-exploration-robot/furbo_description/build/furbo_description' returned '0': CMAKE_PREFIX_PATH=${CMAKE_PREFIX_PATH}:/opt/ros/humble /usr/bin/cmake --build /home/furbo/autonomous_exploration_ws/src/autonomous-exploration-robot/furbo_description/build/furbo_description -- -j12 -l12
[0.687s] Invoking command in '/home/furbo/autonomous_exploration_ws/src/autonomous-exploration-robot/furbo_description/build/furbo_description': CMAKE_PREFIX_PATH=${CMAKE_PREFIX_PATH}:/opt/ros/humble /usr/bin/cmake --install /home/furbo/autonomous_exploration_ws/src/autonomous-exploration-robot/furbo_description/build/furbo_description
[0.692s] -- Install configuration: ""
[0.693s] -- Execute custom install script
[0.693s] -- Symlinking: /home/furbo/autonomous_exploration_ws/src/autonomous-exploration-robot/furbo_description/install/furbo_description/share/furbo_description/urdf/furbo.urdf.xacro
[0.701s] -- Symlinking: /home/furbo/autonomous_exploration_ws/src/autonomous-exploration-robot/furbo_description/install/furbo_description/share/furbo_description/launch/__pycache__/display.launch.cpython-310.pyc
[0.709s] -- Symlinking: /home/furbo/autonomous_exploration_ws/src/autonomous-exploration-robot/furbo_description/install/furbo_description/share/furbo_description/launch/display.launch.py
[0.716s] -- Symlinking: /home/furbo/autonomous_exploration_ws/src/autonomous-exploration-robot/furbo_description/install/furbo_description/share/furbo_description/launch/gazebo.launch.py
[0.723s] -- Symlinking: /home/furbo/autonomous_exploration_ws/src/autonomous-exploration-robot/furbo_description/install/furbo_description/share/furbo_description/config/controllers.yaml
[0.731s] -- Symlinking: /home/furbo/autonomous_exploration_ws/src/autonomous-exploration-robot/furbo_description/install/furbo_description/share/ament_index/resource_index/package_run_dependencies/furbo_description
[0.739s] -- Symlinking: /home/furbo/autonomous_exploration_ws/src/autonomous-exploration-robot/furbo_description/install/furbo_description/share/ament_index/resource_index/parent_prefix_path/furbo_description
[0.747s] -- Symlinking: /home/furbo/autonomous_exploration_ws/src/autonomous-exploration-robot/furbo_description/install/furbo_description/share/furbo_description/environment/ament_prefix_path.sh
[0.755s] -- Symlinking: /home/furbo/autonomous_exploration_ws/src/autonomous-exploration-robot/furbo_description/install/furbo_description/share/furbo_description/environment/ament_prefix_path.dsv
[0.764s] -- Symlinking: /home/furbo/autonomous_exploration_ws/src/autonomous-exploration-robot/furbo_description/install/furbo_description/share/furbo_description/environment/path.sh
[0.771s] -- Symlinking: /home/furbo/autonomous_exploration_ws/src/autonomous-exploration-robot/furbo_description/install/furbo_description/share/furbo_description/environment/path.dsv
[0.778s] -- Symlinking: /home/furbo/autonomous_exploration_ws/src/autonomous-exploration-robot/furbo_description/install/furbo_description/share/furbo_description/local_setup.bash
[0.786s] -- Symlinking: /home/furbo/autonomous_exploration_ws/src/autonomous-exploration-robot/furbo_description/install/furbo_description/share/furbo_description/local_setup.sh
[0.793s] -- Symlinking: /home/furbo/autonomous_exploration_ws/src/autonomous-exploration-robot/furbo_description/install/furbo_description/share/furbo_description/local_setup.zsh
[0.800s] -- Symlinking: /home/furbo/autonomous_exploration_ws/src/autonomous-exploration-robot/furbo_description/install/furbo_description/share/furbo_description/local_setup.dsv
[0.807s] -- Symlinking: /home/furbo/autonomous_exploration_ws/src/autonomous-exploration-robot/furbo_description/install/furbo_description/share/furbo_description/package.dsv
[0.815s] -- Symlinking: /home/furbo/autonomous_exploration_ws/src/autonomous-exploration-robot/furbo_description/install/furbo_description/share/ament_index/resource_index/packages/furbo_description
[0.822s] -- Symlinking: /home/furbo/autonomous_exploration_ws/src/autonomous-exploration-robot/furbo_description/install/furbo_description/share/furbo_description/cmake/furbo_descriptionConfig.cmake
[0.830s] -- Symlinking: /home/furbo/autonomous_exploration_ws/src/autonomous-exploration-robot/furbo_description/install/furbo_description/share/furbo_description/cmake/furbo_descriptionConfig-version.cmake
[0.838s] -- Symlinking: /home/furbo/autonomous_exploration_ws/src/autonomous-exploration-robot/furbo_description/install/furbo_description/share/furbo_description/package.xml
[0.848s] Invoked command in '/home/furbo/autonomous_exploration_ws/src/autonomous-exploration-robot/furbo_description/build/furbo_description' returned '0': CMAKE_PREFIX_PATH=${CMAKE_PREFIX_PATH}:/opt/ros/humble /usr/bin/cmake --install /home/furbo/autonomous_exploration_ws/src/autonomous-exploration-robot/furbo_description/build/furbo_description
