[0.100s] DEBUG:colcon:Command line arguments: ['/usr/bin/colcon', 'build', '--symlink-install']
[0.100s] DEBUG:colcon:Parsed command line arguments: Namespace(log_base=None, log_level=None, verb_name='build', build_base='build', install_base='install', merge_install=False, symlink_install=True, test_result_base=None, continue_on_error=False, executor='parallel', parallel_workers=12, event_handlers=None, ignore_user_meta=False, metas=['./colcon.meta'], base_paths=['.'], packages_ignore=None, packages_ignore_regex=None, paths=None, packages_up_to=None, packages_up_to_regex=None, packages_above=None, packages_above_and_dependencies=None, packages_above_depth=None, packages_select_by_dep=None, packages_skip_by_dep=None, packages_skip_up_to=None, packages_select_build_failed=False, packages_skip_build_finished=False, packages_select_test_failures=False, packages_skip_test_passed=False, packages_select=None, packages_skip=None, packages_select_regex=None, packages_skip_regex=None, packages_start=None, packages_end=None, allow_overriding=[], cmake_args=None, cmake_target=None, cmake_target_skip_unavailable=False, cmake_clean_cache=False, cmake_clean_first=False, cmake_force_configure=False, ament_cmake_args=None, catkin_cmake_args=None, catkin_skip_building_tests=False, mixin_files=None, mixin=None, verb_parser=<colcon_mixin.mixin.mixin_argument.MixinArgumentDecorator object at 0x729aea455ab0>, verb_extension=<colcon_core.verb.build.BuildVerb object at 0x729aea5d32e0>, main=<bound method BuildVerb.main of <colcon_core.verb.build.BuildVerb object at 0x729aea5d32e0>>, mixin_verb=('build',))
[0.291s] Level 1:colcon.colcon_core.package_discovery:discover_packages(colcon_meta) check parameters
[0.291s] Level 1:colcon.colcon_core.package_discovery:discover_packages(recursive) check parameters
[0.291s] Level 1:colcon.colcon_core.package_discovery:discover_packages(ignore) check parameters
[0.291s] Level 1:colcon.colcon_core.package_discovery:discover_packages(path) check parameters
[0.292s] Level 1:colcon.colcon_core.package_discovery:discover_packages(colcon_meta) discover
[0.292s] Level 1:colcon.colcon_core.package_discovery:discover_packages(recursive) discover
[0.292s] INFO:colcon.colcon_core.package_discovery:Crawling recursively for packages in '/home/furbo/autonomous_exploration_ws/src/autonomous-exploration-robot/furbo_description'
[0.292s] Level 1:colcon.colcon_core.package_identification:_identify(.) by extensions ['ignore', 'ignore_ament_install']
[0.292s] Level 1:colcon.colcon_core.package_identification:_identify(.) by extension 'ignore'
[0.292s] Level 1:colcon.colcon_core.package_identification:_identify(.) by extension 'ignore_ament_install'
[0.292s] Level 1:colcon.colcon_core.package_identification:_identify(.) by extensions ['colcon_pkg']
[0.292s] Level 1:colcon.colcon_core.package_identification:_identify(.) by extension 'colcon_pkg'
[0.292s] Level 1:colcon.colcon_core.package_identification:_identify(.) by extensions ['colcon_meta']
[0.292s] Level 1:colcon.colcon_core.package_identification:_identify(.) by extension 'colcon_meta'
[0.292s] Level 1:colcon.colcon_core.package_identification:_identify(.) by extensions ['ros']
[0.292s] Level 1:colcon.colcon_core.package_identification:_identify(.) by extension 'ros'
[0.303s] DEBUG:colcon.colcon_core.package_identification:Package '.' with type 'ros.ament_cmake' and name 'furbo_description'
[0.303s] Level 1:colcon.colcon_core.package_discovery:discover_packages(recursive) using defaults
[0.303s] Level 1:colcon.colcon_core.package_discovery:discover_packages(ignore) discover
[0.303s] Level 1:colcon.colcon_core.package_discovery:discover_packages(ignore) using defaults
[0.303s] Level 1:colcon.colcon_core.package_discovery:discover_packages(path) discover
[0.303s] Level 1:colcon.colcon_core.package_discovery:discover_packages(path) using defaults
[0.328s] Level 1:colcon.colcon_core.package_discovery:discover_packages(prefix_path) check parameters
[0.328s] Level 1:colcon.colcon_core.package_discovery:discover_packages(prefix_path) discover
[0.330s] DEBUG:colcon.colcon_installed_package_information.package_discovery:Found 4 installed packages in /home/furbo/install
[0.331s] DEBUG:colcon.colcon_installed_package_information.package_discovery:Found 1 installed packages in /home/furbo/autonomous_exploration_ws/install
[0.332s] DEBUG:colcon.colcon_installed_package_information.package_discovery:Found 330 installed packages in /opt/ros/humble
[0.333s] Level 1:colcon.colcon_core.package_discovery:discover_packages(prefix_path) using defaults
[0.366s] Level 5:colcon.colcon_core.verb:set package 'furbo_description' build argument 'cmake_args' from command line to 'None'
[0.366s] Level 5:colcon.colcon_core.verb:set package 'furbo_description' build argument 'cmake_target' from command line to 'None'
[0.366s] Level 5:colcon.colcon_core.verb:set package 'furbo_description' build argument 'cmake_target_skip_unavailable' from command line to 'False'
[0.366s] Level 5:colcon.colcon_core.verb:set package 'furbo_description' build argument 'cmake_clean_cache' from command line to 'False'
[0.366s] Level 5:colcon.colcon_core.verb:set package 'furbo_description' build argument 'cmake_clean_first' from command line to 'False'
[0.366s] Level 5:colcon.colcon_core.verb:set package 'furbo_description' build argument 'cmake_force_configure' from command line to 'False'
[0.366s] Level 5:colcon.colcon_core.verb:set package 'furbo_description' build argument 'ament_cmake_args' from command line to 'None'
[0.366s] Level 5:colcon.colcon_core.verb:set package 'furbo_description' build argument 'catkin_cmake_args' from command line to 'None'
[0.366s] Level 5:colcon.colcon_core.verb:set package 'furbo_description' build argument 'catkin_skip_building_tests' from command line to 'False'
[0.366s] DEBUG:colcon.colcon_core.verb:Building package 'furbo_description' with the following arguments: {'ament_cmake_args': None, 'build_base': '/home/furbo/autonomous_exploration_ws/src/autonomous-exploration-robot/furbo_description/build/furbo_description', 'catkin_cmake_args': None, 'catkin_skip_building_tests': False, 'cmake_args': None, 'cmake_clean_cache': False, 'cmake_clean_first': False, 'cmake_force_configure': False, 'cmake_target': None, 'cmake_target_skip_unavailable': False, 'install_base': '/home/furbo/autonomous_exploration_ws/src/autonomous-exploration-robot/furbo_description/install/furbo_description', 'merge_install': False, 'path': '/home/furbo/autonomous_exploration_ws/src/autonomous-exploration-robot/furbo_description', 'symlink_install': True, 'test_result_base': None}
[0.366s] INFO:colcon.colcon_core.executor:Executing jobs using 'parallel' executor
[0.367s] DEBUG:colcon.colcon_parallel_executor.executor.parallel:run_until_complete
[0.367s] INFO:colcon.colcon_ros.task.ament_cmake.build:Building ROS package in '/home/furbo/autonomous_exploration_ws/src/autonomous-exploration-robot/furbo_description' with build type 'ament_cmake'
[0.367s] INFO:colcon.colcon_cmake.task.cmake.build:Building CMake package in '/home/furbo/autonomous_exploration_ws/src/autonomous-exploration-robot/furbo_description'
[0.370s] INFO:colcon.colcon_core.plugin_system:Skipping extension 'colcon_core.shell.bat': Not used on non-Windows systems
[0.370s] INFO:colcon.colcon_core.shell:Skip shell extension 'powershell' for command environment: Not usable outside of PowerShell
[0.370s] DEBUG:colcon.colcon_core.shell:Skip shell extension 'dsv' for command environment
[0.377s] DEBUG:colcon.colcon_core.event_handler.log_command:Invoking command in '/home/furbo/autonomous_exploration_ws/src/autonomous-exploration-robot/furbo_description/build/furbo_description': CMAKE_PREFIX_PATH=${CMAKE_PREFIX_PATH}:/opt/ros/humble /usr/bin/cmake /home/furbo/autonomous_exploration_ws/src/autonomous-exploration-robot/furbo_description -DAMENT_CMAKE_SYMLINK_INSTALL=1 -DCMAKE_INSTALL_PREFIX=/home/furbo/autonomous_exploration_ws/src/autonomous-exploration-robot/furbo_description/install/furbo_description
[0.993s] DEBUG:colcon.colcon_core.event_handler.log_command:Invoked command in '/home/furbo/autonomous_exploration_ws/src/autonomous-exploration-robot/furbo_description/build/furbo_description' returned '0': CMAKE_PREFIX_PATH=${CMAKE_PREFIX_PATH}:/opt/ros/humble /usr/bin/cmake /home/furbo/autonomous_exploration_ws/src/autonomous-exploration-robot/furbo_description -DAMENT_CMAKE_SYMLINK_INSTALL=1 -DCMAKE_INSTALL_PREFIX=/home/furbo/autonomous_exploration_ws/src/autonomous-exploration-robot/furbo_description/install/furbo_description
[0.995s] DEBUG:colcon.colcon_core.event_handler.log_command:Invoking command in '/home/furbo/autonomous_exploration_ws/src/autonomous-exploration-robot/furbo_description/build/furbo_description': CMAKE_PREFIX_PATH=${CMAKE_PREFIX_PATH}:/opt/ros/humble /usr/bin/cmake --build /home/furbo/autonomous_exploration_ws/src/autonomous-exploration-robot/furbo_description/build/furbo_description -- -j12 -l12
[1.028s] DEBUG:colcon.colcon_core.event_handler.log_command:Invoked command in '/home/furbo/autonomous_exploration_ws/src/autonomous-exploration-robot/furbo_description/build/furbo_description' returned '0': CMAKE_PREFIX_PATH=${CMAKE_PREFIX_PATH}:/opt/ros/humble /usr/bin/cmake --build /home/furbo/autonomous_exploration_ws/src/autonomous-exploration-robot/furbo_description/build/furbo_description -- -j12 -l12
[1.054s] DEBUG:colcon.colcon_core.event_handler.log_command:Invoking command in '/home/furbo/autonomous_exploration_ws/src/autonomous-exploration-robot/furbo_description/build/furbo_description': CMAKE_PREFIX_PATH=${CMAKE_PREFIX_PATH}:/opt/ros/humble /usr/bin/cmake --install /home/furbo/autonomous_exploration_ws/src/autonomous-exploration-robot/furbo_description/build/furbo_description
[1.215s] Level 1:colcon.colcon_core.environment:create_environment_scripts_only(furbo_description)
[1.216s] DEBUG:colcon.colcon_core.event_handler.log_command:Invoked command in '/home/furbo/autonomous_exploration_ws/src/autonomous-exploration-robot/furbo_description/build/furbo_description' returned '0': CMAKE_PREFIX_PATH=${CMAKE_PREFIX_PATH}:/opt/ros/humble /usr/bin/cmake --install /home/furbo/autonomous_exploration_ws/src/autonomous-exploration-robot/furbo_description/build/furbo_description
[1.229s] Level 1:colcon.colcon_core.environment:checking '/home/furbo/autonomous_exploration_ws/src/autonomous-exploration-robot/furbo_description/install/furbo_description' for CMake module files
[1.229s] Level 1:colcon.colcon_core.environment:checking '/home/furbo/autonomous_exploration_ws/src/autonomous-exploration-robot/furbo_description/install/furbo_description' for CMake config files
[1.230s] Level 1:colcon.colcon_core.shell:create_environment_hook('furbo_description', 'cmake_prefix_path')
[1.230s] INFO:colcon.colcon_core.shell:Creating environment hook '/home/furbo/autonomous_exploration_ws/src/autonomous-exploration-robot/furbo_description/install/furbo_description/share/furbo_description/hook/cmake_prefix_path.ps1'
[1.231s] INFO:colcon.colcon_core.shell:Creating environment descriptor '/home/furbo/autonomous_exploration_ws/src/autonomous-exploration-robot/furbo_description/install/furbo_description/share/furbo_description/hook/cmake_prefix_path.dsv'
[1.231s] INFO:colcon.colcon_core.shell:Creating environment hook '/home/furbo/autonomous_exploration_ws/src/autonomous-exploration-robot/furbo_description/install/furbo_description/share/furbo_description/hook/cmake_prefix_path.sh'
[1.232s] Level 1:colcon.colcon_core.environment:checking '/home/furbo/autonomous_exploration_ws/src/autonomous-exploration-robot/furbo_description/install/furbo_description/bin'
[1.232s] Level 1:colcon.colcon_core.environment:checking '/home/furbo/autonomous_exploration_ws/src/autonomous-exploration-robot/furbo_description/install/furbo_description/lib/pkgconfig/furbo_description.pc'
[1.232s] Level 1:colcon.colcon_core.environment:checking '/home/furbo/autonomous_exploration_ws/src/autonomous-exploration-robot/furbo_description/install/furbo_description/lib/python3.10/site-packages'
[1.232s] Level 1:colcon.colcon_core.environment:checking '/home/furbo/autonomous_exploration_ws/src/autonomous-exploration-robot/furbo_description/install/furbo_description/bin'
[1.232s] INFO:colcon.colcon_core.shell:Creating package script '/home/furbo/autonomous_exploration_ws/src/autonomous-exploration-robot/furbo_description/install/furbo_description/share/furbo_description/package.ps1'
[1.233s] INFO:colcon.colcon_core.shell:Creating package descriptor '/home/furbo/autonomous_exploration_ws/src/autonomous-exploration-robot/furbo_description/install/furbo_description/share/furbo_description/package.dsv'
[1.234s] INFO:colcon.colcon_core.shell:Creating package script '/home/furbo/autonomous_exploration_ws/src/autonomous-exploration-robot/furbo_description/install/furbo_description/share/furbo_description/package.sh'
[1.234s] INFO:colcon.colcon_core.shell:Creating package script '/home/furbo/autonomous_exploration_ws/src/autonomous-exploration-robot/furbo_description/install/furbo_description/share/furbo_description/package.bash'
[1.235s] INFO:colcon.colcon_core.shell:Creating package script '/home/furbo/autonomous_exploration_ws/src/autonomous-exploration-robot/furbo_description/install/furbo_description/share/furbo_description/package.zsh'
[1.235s] Level 1:colcon.colcon_core.environment:create_file_with_runtime_dependencies(/home/furbo/autonomous_exploration_ws/src/autonomous-exploration-robot/furbo_description/install/furbo_description/share/colcon-core/packages/furbo_description)
[1.256s] Level 1:colcon.colcon_core.environment:create_environment_scripts_only(furbo_description)
[1.256s] Level 1:colcon.colcon_core.environment:checking '/home/furbo/autonomous_exploration_ws/src/autonomous-exploration-robot/furbo_description/install/furbo_description' for CMake module files
[1.257s] Level 1:colcon.colcon_core.environment:checking '/home/furbo/autonomous_exploration_ws/src/autonomous-exploration-robot/furbo_description/install/furbo_description' for CMake config files
[1.257s] Level 1:colcon.colcon_core.shell:create_environment_hook('furbo_description', 'cmake_prefix_path')
[1.257s] INFO:colcon.colcon_core.shell:Creating environment hook '/home/furbo/autonomous_exploration_ws/src/autonomous-exploration-robot/furbo_description/install/furbo_description/share/furbo_description/hook/cmake_prefix_path.ps1'
[1.257s] INFO:colcon.colcon_core.shell:Creating environment descriptor '/home/furbo/autonomous_exploration_ws/src/autonomous-exploration-robot/furbo_description/install/furbo_description/share/furbo_description/hook/cmake_prefix_path.dsv'
[1.258s] INFO:colcon.colcon_core.shell:Creating environment hook '/home/furbo/autonomous_exploration_ws/src/autonomous-exploration-robot/furbo_description/install/furbo_description/share/furbo_description/hook/cmake_prefix_path.sh'
[1.258s] Level 1:colcon.colcon_core.environment:checking '/home/furbo/autonomous_exploration_ws/src/autonomous-exploration-robot/furbo_description/install/furbo_description/bin'
[1.258s] Level 1:colcon.colcon_core.environment:checking '/home/furbo/autonomous_exploration_ws/src/autonomous-exploration-robot/furbo_description/install/furbo_description/lib/pkgconfig/furbo_description.pc'
[1.258s] Level 1:colcon.colcon_core.environment:checking '/home/furbo/autonomous_exploration_ws/src/autonomous-exploration-robot/furbo_description/install/furbo_description/lib/python3.10/site-packages'
[1.258s] Level 1:colcon.colcon_core.environment:checking '/home/furbo/autonomous_exploration_ws/src/autonomous-exploration-robot/furbo_description/install/furbo_description/bin'
[1.259s] INFO:colcon.colcon_core.shell:Creating package script '/home/furbo/autonomous_exploration_ws/src/autonomous-exploration-robot/furbo_description/install/furbo_description/share/furbo_description/package.ps1'
[1.259s] INFO:colcon.colcon_core.shell:Creating package descriptor '/home/furbo/autonomous_exploration_ws/src/autonomous-exploration-robot/furbo_description/install/furbo_description/share/furbo_description/package.dsv'
[1.259s] INFO:colcon.colcon_core.shell:Creating package script '/home/furbo/autonomous_exploration_ws/src/autonomous-exploration-robot/furbo_description/install/furbo_description/share/furbo_description/package.sh'
[1.260s] INFO:colcon.colcon_core.shell:Creating package script '/home/furbo/autonomous_exploration_ws/src/autonomous-exploration-robot/furbo_description/install/furbo_description/share/furbo_description/package.bash'
[1.260s] INFO:colcon.colcon_core.shell:Creating package script '/home/furbo/autonomous_exploration_ws/src/autonomous-exploration-robot/furbo_description/install/furbo_description/share/furbo_description/package.zsh'
[1.260s] Level 1:colcon.colcon_core.environment:create_file_with_runtime_dependencies(/home/furbo/autonomous_exploration_ws/src/autonomous-exploration-robot/furbo_description/install/furbo_description/share/colcon-core/packages/furbo_description)
[1.260s] DEBUG:colcon.colcon_parallel_executor.executor.parallel:closing loop
[1.261s] DEBUG:colcon.colcon_parallel_executor.executor.parallel:loop closed
[1.261s] DEBUG:colcon.colcon_parallel_executor.executor.parallel:run_until_complete finished with '0'
[1.261s] DEBUG:colcon.colcon_core.event_reactor:joining thread
[1.266s] INFO:colcon.colcon_core.plugin_system:Skipping extension 'colcon_notification.desktop_notification.terminal_notifier': Not used on non-Darwin systems
[1.266s] INFO:colcon.colcon_core.plugin_system:Skipping extension 'colcon_notification.desktop_notification.win32': Not used on non-Windows systems
[1.266s] INFO:colcon.colcon_notification.desktop_notification:Sending desktop notification using 'notify2'
[1.279s] DEBUG:colcon.colcon_core.event_reactor:joined thread
[1.280s] INFO:colcon.colcon_core.shell:Creating prefix script '/home/furbo/autonomous_exploration_ws/src/autonomous-exploration-robot/furbo_description/install/local_setup.ps1'
[1.281s] INFO:colcon.colcon_core.shell:Creating prefix util module '/home/furbo/autonomous_exploration_ws/src/autonomous-exploration-robot/furbo_description/install/_local_setup_util_ps1.py'
[1.283s] INFO:colcon.colcon_core.shell:Creating prefix chain script '/home/furbo/autonomous_exploration_ws/src/autonomous-exploration-robot/furbo_description/install/setup.ps1'
[1.284s] INFO:colcon.colcon_core.shell:Creating prefix script '/home/furbo/autonomous_exploration_ws/src/autonomous-exploration-robot/furbo_description/install/local_setup.sh'
[1.285s] INFO:colcon.colcon_core.shell:Creating prefix util module '/home/furbo/autonomous_exploration_ws/src/autonomous-exploration-robot/furbo_description/install/_local_setup_util_sh.py'
[1.285s] INFO:colcon.colcon_core.shell:Creating prefix chain script '/home/furbo/autonomous_exploration_ws/src/autonomous-exploration-robot/furbo_description/install/setup.sh'
[1.286s] INFO:colcon.colcon_core.shell:Creating prefix script '/home/furbo/autonomous_exploration_ws/src/autonomous-exploration-robot/furbo_description/install/local_setup.bash'
[1.287s] INFO:colcon.colcon_core.shell:Creating prefix chain script '/home/furbo/autonomous_exploration_ws/src/autonomous-exploration-robot/furbo_description/install/setup.bash'
[1.288s] INFO:colcon.colcon_core.shell:Creating prefix script '/home/furbo/autonomous_exploration_ws/src/autonomous-exploration-robot/furbo_description/install/local_setup.zsh'
[1.288s] INFO:colcon.colcon_core.shell:Creating prefix chain script '/home/furbo/autonomous_exploration_ws/src/autonomous-exploration-robot/furbo_description/install/setup.zsh'
